<?xml version="1.0" encoding="UTF-8"?>
<!-- Generated by org.testng.reporters.JUnitReportReporter -->
<testsuite hostname="AMALITECH-PC-668" failures="0" tests="3" name="com.elitekaycy.testlabs.labs.QuickSortTest" time="0.002" errors="0" timestamp="2025-06-20T13:54:40 GMT" skipped="0">
  <testcase classname="com.elitekaycy.testlabs.labs.QuickSortTest" name="test_quicksort_with_data_providers" time="0.000"/>
  <testcase classname="com.elitekaycy.testlabs.labs.QuickSortTest" name="unit_test_quicksort" time="0.002"/>
  <testcase classname="com.elitekaycy.testlabs.labs.QuickSortTest" name="test_quicksort_with_data_providers" time="0.000"/>
</testsuite> <!-- com.elitekaycy.testlabs.labs.QuickSortTest -->
