<?xml version="1.0" encoding="UTF-8"?>
<!-- Generated by org.testng.reporters.JUnitReportReporter -->
<testsuite hostname="AMALITECH-PC-668" failures="0" tests="1" name="com.elitekaycy.testlabs.DemoTest" time="0.008" errors="0" timestamp="2025-06-20T13:54:40 GMT" skipped="0">
  <testcase classname="com.elitekaycy.testlabs.DemoTest" name="sample" time="0.008"/>
</testsuite> <!-- com.elitekaycy.testlabs.DemoTest -->
